TN:
SF:./src/assert.js
FN:1,(anonymous_1)
FN:1,(anonymous_2)
FNF:2
FNH:2
FNDA:1,(anonymous_1)
FNDA:18,(anonymous_2)
DA:1,1
DA:2,18
DA:3,0
DA:4,0
LF:4
LH:2
BRDA:1,1,0,1
BRDA:1,1,1,1
BRDA:2,2,0,0
BRDA:2,2,1,18
BRF:4
BRH:3
end_of_record
TN:
SF:./src/compiler/compile.js
FN:1,(anonymous_1)
FN:8,generateLinkFns
FN:34,(anonymous_3)
FN:39,compile
FNF:4
FNH:1
FNDA:1,(anonymous_1)
FNDA:0,generateLinkFns
FNDA:0,(anonymous_3)
FNDA:0,compile
DA:1,1
DA:2,1
DA:3,1
DA:4,1
DA:6,1
DA:8,1
DA:9,0
DA:11,0
DA:13,0
DA:14,0
DA:15,0
DA:16,0
DA:17,0
DA:24,0
DA:25,0
DA:27,0
DA:28,0
DA:30,0
DA:34,0
DA:35,0
DA:39,1
DA:40,0
DA:42,0
DA:43,0
DA:44,0
DA:45,0
DA:47,0
DA:48,0
DA:49,0
DA:50,0
DA:52,0
DA:53,0
DA:54,0
DA:57,0
DA:61,1
LF:35
LH:8
BRDA:1,1,0,1
BRDA:1,1,1,0
BRDA:16,2,0,0
BRDA:16,2,1,0
BRDA:48,3,0,0
BRDA:48,3,1,0
BRDA:53,4,0,0
BRDA:53,4,1,0
BRF:8
BRH:1
end_of_record
TN:
SF:./src/compiler/index.js
FN:1,(anonymous_1)
FNF:1
FNH:1
FNDA:1,(anonymous_1)
DA:1,1
DA:3,1
LF:2
LH:2
BRDA:1,1,0,1
BRDA:1,1,1,0
BRF:2
BRH:1
end_of_record
TN:
SF:./src/config.js
FN:1,(anonymous_1)
FNF:1
FNH:1
FNDA:1,(anonymous_1)
DA:1,1
LF:1
LH:1
BRDA:1,1,0,1
BRDA:1,1,1,0
BRF:2
BRH:1
end_of_record
TN:
SF:./src/core/base.js
FN:1,(anonymous_1)
FN:2,(anonymous_2)
FN:10,(anonymous_3)
FNF:3
FNH:1
FNDA:1,(anonymous_1)
FNDA:0,(anonymous_2)
FNDA:0,(anonymous_3)
DA:1,1
DA:3,0
DA:4,0
DA:5,0
DA:6,0
DA:7,0
DA:11,0
DA:12,0
DA:13,0
DA:14,0
DA:15,0
DA:16,0
DA:17,0
DA:19,0
LF:14
LH:1
BRDA:1,1,0,1
BRDA:1,1,1,0
BRF:2
BRH:1
end_of_record
TN:
SF:./src/core/directive.js
FN:1,(anonymous_1)
FN:6,Directive
FN:24,(anonymous_3)
FN:25,(anonymous_4)
FNF:4
FNH:1
FNDA:1,(anonymous_1)
FNDA:0,Directive
FNDA:0,(anonymous_3)
FNDA:0,(anonymous_4)
DA:1,1
DA:2,1
DA:3,1
DA:4,1
DA:6,1
DA:7,0
DA:8,0
DA:11,0
DA:14,0
DA:16,0
DA:18,0
DA:21,0
DA:22,0
DA:23,0
DA:24,0
DA:25,0
DA:28,0
DA:29,0
DA:31,0
DA:35,1
DA:37,1
LF:21
LH:7
BRDA:1,1,0,1
BRDA:1,1,1,0
BRDA:22,2,0,0
BRDA:22,2,1,0
BRF:4
BRH:1
end_of_record
TN:
SF:./src/core/scene.js
FN:1,(anonymous_1)
FN:9,generateSceneId
FN:13,Scene
FN:33,(anonymous_4)
FN:36,(anonymous_5)
FN:43,(anonymous_6)
FN:47,(anonymous_7)
FN:51,(anonymous_8)
FN:57,(anonymous_9)
FN:62,(anonymous_10)
FN:67,(anonymous_11)
FN:70,(anonymous_12)
FN:76,(anonymous_13)
FN:83,(anonymous_14)
FN:86,(anonymous_15)
FNF:15
FNH:1
FNDA:1,(anonymous_1)
FNDA:0,generateSceneId
FNDA:0,Scene
FNDA:0,(anonymous_4)
FNDA:0,(anonymous_5)
FNDA:0,(anonymous_6)
FNDA:0,(anonymous_7)
FNDA:0,(anonymous_8)
FNDA:0,(anonymous_9)
FNDA:0,(anonymous_10)
FNDA:0,(anonymous_11)
FNDA:0,(anonymous_12)
FNDA:0,(anonymous_13)
FNDA:0,(anonymous_14)
FNDA:0,(anonymous_15)
DA:1,1
DA:2,1
DA:3,1
DA:4,1
DA:5,1
DA:6,1
DA:8,1
DA:9,1
DA:10,0
DA:13,1
DA:14,0
DA:16,0
DA:18,0
DA:20,0
DA:22,0
DA:23,0
DA:26,0
DA:28,0
DA:32,1
DA:34,0
DA:36,0
DA:37,0
DA:38,0
DA:39,0
DA:40,0
DA:43,0
DA:44,0
DA:47,0
DA:48,0
DA:51,0
DA:52,0
DA:53,0
DA:54,0
DA:58,0
DA:59,0
DA:63,0
DA:64,0
DA:68,0
DA:69,0
DA:70,0
DA:71,0
DA:72,0
DA:74,0
DA:78,0
DA:79,0
DA:80,0
DA:81,0
DA:84,0
DA:87,0
DA:91,1
LF:50
LH:11
BRDA:1,1,0,1
BRDA:1,1,1,0
BRDA:20,2,0,0
BRDA:20,2,1,0
BRDA:72,3,0,0
BRDA:72,3,1,0
BRF:6
BRH:1
end_of_record
TN:
SF:./src/core/x.js
FN:1,(anonymous_1)
FN:11,generateScenes
FN:29,X
FNF:3
FNH:2
FNDA:1,(anonymous_1)
FNDA:0,generateScenes
FNDA:2,X
DA:1,1
DA:2,1
DA:3,1
DA:4,1
DA:5,1
DA:6,1
DA:7,1
DA:9,1
DA:11,1
DA:12,0
DA:14,0
DA:15,0
DA:16,0
DA:17,0
DA:19,0
DA:21,0
DA:24,0
DA:25,0
DA:29,1
DA:30,2
DA:32,2
DA:34,2
DA:37,2
DA:39,1
DA:41,1
DA:42,1
DA:44,1
DA:48,0
DA:51,0
DA:52,0
DA:53,0
DA:54,0
DA:55,0
DA:56,0
DA:59,0
DA:61,0
DA:65,0
DA:68,0
DA:71,1
DA:73,1
LF:40
LH:20
BRDA:1,1,0,1
BRDA:1,1,1,0
BRDA:17,2,0,0
BRDA:17,2,1,0
BRDA:37,3,0,1
BRDA:37,3,1,1
BRDA:37,4,0,2
BRDA:37,4,1,1
BRDA:42,5,0,1
BRDA:42,5,1,0
BRDA:54,6,0,0
BRDA:54,6,1,0
BRDA:59,7,0,0
BRDA:59,7,1,0
BRF:14
BRH:6
end_of_record
TN:
SF:./src/core_mixins/event.js
FN:1,(anonymous_1)
FN:4,(anonymous_2)
FN:25,(anonymous_3)
FN:28,(anonymous_4)
FN:33,(anonymous_5)
FN:51,(anonymous_6)
FN:54,(anonymous_7)
FNF:7
FNH:7
FNDA:1,(anonymous_1)
FNDA:5,(anonymous_2)
FNDA:1,(anonymous_3)
FNDA:1,(anonymous_4)
FNDA:8,(anonymous_5)
FNDA:4,(anonymous_6)
FNDA:3,(anonymous_7)
DA:1,1
DA:3,1
DA:5,5
DA:6,5
DA:9,5
DA:10,1
DA:13,5
DA:14,4
DA:17,5
DA:18,1
DA:20,0
DA:23,5
DA:26,1
DA:28,1
DA:29,1
DA:30,1
DA:34,8
DA:36,8
DA:37,7
DA:38,4
DA:39,5
DA:41,3
DA:42,3
DA:45,4
DA:48,3
DA:52,4
DA:53,4
DA:54,3
DA:55,3
LF:29
LH:28
BRDA:1,1,0,1
BRDA:1,1,1,0
BRDA:9,2,0,1
BRDA:9,2,1,4
BRDA:13,3,0,4
BRDA:13,3,1,1
BRDA:18,4,0,0
BRDA:18,4,1,1
BRDA:36,5,0,1
BRDA:36,5,1,7
BRDA:37,6,0,4
BRDA:37,6,1,3
BRDA:39,7,0,3
BRDA:39,7,1,2
BRDA:45,8,0,2
BRDA:45,8,1,2
BRDA:53,9,0,3
BRDA:53,9,1,1
BRDA:53,10,0,4
BRDA:53,10,1,3
BRF:20
BRH:18
end_of_record
TN:
SF:./src/core_mixins/lifecycle.js
FN:1,(anonymous_1)
FN:5,(anonymous_2)
FN:36,(anonymous_3)
FNF:3
FNH:2
FNDA:1,(anonymous_1)
FNDA:6,(anonymous_2)
FNDA:0,(anonymous_3)
DA:1,1
DA:3,1
DA:6,6
DA:8,0
DA:10,6
DA:11,6
DA:12,6
DA:14,1
DA:15,1
DA:17,1
DA:18,1
DA:20,1
DA:21,1
DA:23,1
DA:24,1
DA:26,1
DA:27,1
DA:30,1
DA:32,1
DA:33,1
DA:37,0
LF:21
LH:19
BRDA:1,1,0,1
BRDA:1,1,1,0
BRDA:6,2,0,0
BRDA:6,2,1,6
BRDA:12,3,0,1
BRDA:12,3,1,1
BRDA:12,3,2,1
BRDA:12,3,3,1
BRDA:12,3,4,1
BRDA:12,3,5,1
BRF:10
BRH:8
end_of_record
TN:
SF:./src/directives/goto.js
FN:1,(anonymous_1)
FN:5,(anonymous_2)
FN:8,(anonymous_3)
FN:12,(anonymous_4)
FNF:4
FNH:1
FNDA:1,(anonymous_1)
FNDA:0,(anonymous_2)
FNDA:0,(anonymous_3)
FNDA:0,(anonymous_4)
DA:1,1
DA:2,1
DA:4,1
DA:6,0
DA:9,0
DA:10,0
DA:13,0
DA:17,1
LF:8
LH:4
BRDA:1,1,0,1
BRDA:1,1,1,0
BRF:2
BRH:1
end_of_record
TN:
SF:./src/directives/index.js
FN:1,(anonymous_1)
FNF:1
FNH:1
FNDA:1,(anonymous_1)
DA:1,1
DA:2,1
DA:3,1
DA:7,1
LF:4
LH:4
BRDA:1,1,0,1
BRDA:1,1,1,0
BRF:2
BRH:1
end_of_record
TN:
SF:./src/directives/transition.js
FN:1,(anonymous_1)
FN:8,(anonymous_2)
FN:13,(anonymous_3)
FN:18,(anonymous_4)
FN:19,(anonymous_5)
FN:20,(anonymous_6)
FN:25,(anonymous_7)
FN:31,go
FN:36,(anonymous_9)
FN:37,(anonymous_10)
FN:40,(anonymous_11)
FN:48,(anonymous_12)
FN:56,(anonymous_13)
FN:72,(anonymous_14)
FN:81,(anonymous_15)
FN:93,(anonymous_16)
FN:107,(anonymous_17)
FN:114,(anonymous_18)
FN:128,(anonymous_19)
FNF:19
FNH:1
FNDA:1,(anonymous_1)
FNDA:0,(anonymous_2)
FNDA:0,(anonymous_3)
FNDA:0,(anonymous_4)
FNDA:0,(anonymous_5)
FNDA:0,(anonymous_6)
FNDA:0,(anonymous_7)
FNDA:0,go
FNDA:0,(anonymous_9)
FNDA:0,(anonymous_10)
FNDA:0,(anonymous_11)
FNDA:0,(anonymous_12)
FNDA:0,(anonymous_13)
FNDA:0,(anonymous_14)
FNDA:0,(anonymous_15)
FNDA:0,(anonymous_16)
FNDA:0,(anonymous_17)
FNDA:0,(anonymous_18)
FNDA:0,(anonymous_19)
DA:1,1
DA:2,1
DA:4,1
DA:5,1
DA:7,1
DA:9,0
DA:11,0
DA:14,0
DA:16,0
DA:19,0
DA:20,0
DA:21,0
DA:26,0
DA:28,0
DA:29,0
DA:30,0
DA:31,1
DA:32,0
DA:33,0
DA:35,0
DA:36,0
DA:37,0
DA:38,0
DA:40,0
DA:41,0
DA:42,0
DA:43,0
DA:47,0
DA:48,0
DA:49,0
DA:50,0
DA:52,0
DA:53,0
DA:56,0
DA:58,0
DA:60,0
DA:61,0
DA:63,0
DA:64,0
DA:65,0
DA:69,0
DA:73,0
DA:74,0
DA:77,0
DA:79,0
DA:82,0
DA:83,0
DA:84,0
DA:85,0
DA:87,0
DA:88,0
DA:92,1
DA:94,0
DA:95,0
DA:97,0
DA:98,0
DA:99,0
DA:100,0
DA:102,0
DA:109,0
DA:113,1
DA:115,0
DA:116,0
DA:118,0
DA:119,0
DA:120,0
DA:121,0
DA:123,0
DA:130,0
DA:134,1
LF:70
LH:9
BRDA:1,1,0,1
BRDA:1,1,1,0
BRDA:29,2,0,0
BRDA:29,2,1,0
BRDA:32,3,0,0
BRDA:32,3,1,0
BRDA:42,4,0,0
BRDA:42,4,1,0
BRDA:43,5,0,0
BRDA:43,5,1,0
BRDA:49,6,0,0
BRDA:49,6,1,0
BRDA:60,7,0,0
BRDA:60,7,1,0
BRDA:99,8,0,0
BRDA:99,8,1,0
BRDA:120,9,0,0
BRDA:120,9,1,0
BRF:18
BRH:1
end_of_record
TN:
SF:./src/index.js
FN:1,(anonymous_1)
FNF:1
FNH:1
FNDA:1,(anonymous_1)
DA:1,1
LF:1
LH:1
BRDA:1,1,0,1
BRDA:1,1,1,0
BRF:2
BRH:1
end_of_record
TN:
SF:./src/mount.js
FN:1,(anonymous_1)
FN:3,(anonymous_2)
FN:7,(anonymous_3)
FNF:3
FNH:1
FNDA:1,(anonymous_1)
FNDA:0,(anonymous_2)
FNDA:0,(anonymous_3)
DA:1,1
DA:2,1
DA:5,0
DA:9,0
DA:11,0
DA:12,0
DA:15,0
LF:7
LH:2
BRDA:1,1,0,1
BRDA:1,1,1,0
BRDA:9,2,0,0
BRDA:9,2,1,0
BRF:4
BRH:1
end_of_record
TN:
SF:./src/router.js
FN:1,(anonymous_1)
FN:5,(anonymous_2)
FN:8,(anonymous_3)
FN:16,(anonymous_4)
FNF:4
FNH:1
FNDA:1,(anonymous_1)
FNDA:0,(anonymous_2)
FNDA:0,(anonymous_3)
FNDA:0,(anonymous_4)
DA:1,1
DA:3,1
DA:6,0
DA:9,0
DA:10,0
DA:11,0
DA:13,0
DA:16,0
DA:18,0
DA:20,0
DA:23,0
LF:11
LH:2
BRDA:1,1,0,1
BRDA:1,1,1,0
BRDA:11,2,0,0
BRDA:11,2,1,0
BRF:4
BRH:1
end_of_record
TN:
SF:./src/utils/dom.js
FN:1,(anonymous_1)
FN:2,(anonymous_2)
FN:5,(anonymous_3)
FN:8,(anonymous_4)
FN:14,(anonymous_5)
FNF:5
FNH:1
FNDA:1,(anonymous_1)
FNDA:0,(anonymous_2)
FNDA:0,(anonymous_3)
FNDA:0,(anonymous_4)
FNDA:0,(anonymous_5)
DA:1,1
DA:3,0
DA:6,0
DA:9,0
DA:10,0
DA:11,0
DA:15,0
DA:16,0
DA:17,0
DA:18,0
DA:19,0
LF:11
LH:1
BRDA:1,1,0,1
BRDA:1,1,1,0
BRDA:6,2,0,0
BRDA:6,2,1,0
BRDA:9,3,0,0
BRDA:9,3,1,0
BRDA:18,4,0,0
BRDA:18,4,1,0
BRF:8
BRH:1
end_of_record
TN:
SF:./src/utils/index.js
FN:1,(anonymous_1)
FNF:1
FNH:1
FNDA:1,(anonymous_1)
DA:1,1
DA:2,1
DA:4,1
LF:3
LH:3
BRDA:1,1,0,1
BRDA:1,1,1,0
BRF:2
BRH:1
end_of_record
TN:
SF:./src/utils/obj.js
FN:1,(anonymous_1)
FN:3,(anonymous_2)
FN:6,(anonymous_3)
FN:7,(anonymous_4)
FN:13,(anonymous_5)
FNF:5
FNH:4
FNDA:1,(anonymous_1)
FNDA:5,(anonymous_2)
FNDA:12,(anonymous_3)
FNDA:38,(anonymous_4)
FNDA:0,(anonymous_5)
DA:1,1
DA:4,5
DA:5,5
DA:6,5
DA:7,12
DA:8,38
DA:11,5
DA:14,0
DA:15,0
DA:16,0
DA:17,0
DA:18,0
DA:19,0
LF:13
LH:7
BRDA:1,1,0,1
BRDA:1,1,1,0
BRDA:18,2,0,0
BRDA:18,2,1,0
BRF:4
BRH:1
end_of_record
